Added Component: Designator=BT1(Button4pin)
Add component. Clean all parameters for all variants
Added Component: Designator=BT2(Button4pin)
Add component. Clean all parameters for all variants
Added Component: Designator=BT3(Button4pin)
Add component. Clean all parameters for all variants
Added Component: Designator=BT4(Button4pin)
Add component. Clean all parameters for all variants
Added Component: Designator=C1(CN1.5)
Add component. Clean all parameters for all variants
Add component (AddParameter): Name = "Value"; Value = "33pF"; VariantName = "[No Variations]"
Added Component: Designator=C2(CN1.5)
Add component. Clean all parameters for all variants
Add component (AddParameter): Name = "Value"; Value = "33pF"; VariantName = "[No Variations]"
Added Component: Designator=C3(CN1.5)
Add component. Clean all parameters for all variants
Add component (AddParameter): Name = "Value"; Value = "33pF"; VariantName = "[No Variations]"
Added Component: Designator=C4(CN1.5)
Add component. Clean all parameters for all variants
Add component (AddParameter): Name = "Value"; Value = "33pF"; VariantName = "[No Variations]"
Added Component: Designator=HLK(HLK_PM01 5V3W)
Add component. Clean all parameters for all variants
Added Component: Designator=J1(KF2-5.08)
Add component. Clean all parameters for all variants
Add component (AddParameter): Name = "ComponentLink1 Description"; Value = "Manufacturer"; VariantName = "[No Variations]"
Add component (AddParameter): Name = "ComponentLink1URL"; Value = "http://www.we-online.com"; VariantName = "[No Variations]"
Add component (AddParameter): Name = "ComponentLink2 Description"; Value = "Datasheet"; VariantName = "[No Variations]"
Add component (AddParameter): Name = "ComponentLink2URL"; Value = "http://katalog.we-online.de/em/datasheet/6911031100xx.pdf"; VariantName = "[No Variations]"
Add component (AddParameter): Name = "Created by"; Value = "Karrer Zheng"; VariantName = "[No Variations]"
Add component (AddParameter): Name = "Created Date"; Value = "29 October 2013"; VariantName = "[No Variations]"
Add component (AddParameter): Name = "Manufacturer"; Value = "Würth Elektronik eiSos GmbH"; VariantName = "[No Variations]"
Add component (AddParameter): Name = "NoPins"; Value = "2"; VariantName = "[No Variations]"
Add component (AddParameter): Name = "partNo"; Value = "691103110002"; VariantName = "[No Variations]"
Added Component: Designator=J2(KF2-5.08)
Add component. Clean all parameters for all variants
Add component (AddParameter): Name = "ComponentLink1 Description"; Value = "Manufacturer"; VariantName = "[No Variations]"
Add component (AddParameter): Name = "ComponentLink1URL"; Value = "http://www.we-online.com"; VariantName = "[No Variations]"
Add component (AddParameter): Name = "ComponentLink2 Description"; Value = "Datasheet"; VariantName = "[No Variations]"
Add component (AddParameter): Name = "ComponentLink2URL"; Value = "http://katalog.we-online.de/em/datasheet/6911031100xx.pdf"; VariantName = "[No Variations]"
Add component (AddParameter): Name = "Created by"; Value = "Karrer Zheng"; VariantName = "[No Variations]"
Add component (AddParameter): Name = "Created Date"; Value = "29 October 2013"; VariantName = "[No Variations]"
Add component (AddParameter): Name = "Manufacturer"; Value = "Würth Elektronik eiSos GmbH"; VariantName = "[No Variations]"
Add component (AddParameter): Name = "NoPins"; Value = "2"; VariantName = "[No Variations]"
Add component (AddParameter): Name = "partNo"; Value = "691103110002"; VariantName = "[No Variations]"
Added Component: Designator=J3(KF2-5.08)
Add component. Clean all parameters for all variants
Add component (AddParameter): Name = "ComponentLink1 Description"; Value = "Manufacturer"; VariantName = "[No Variations]"
Add component (AddParameter): Name = "ComponentLink1URL"; Value = "http://www.we-online.com"; VariantName = "[No Variations]"
Add component (AddParameter): Name = "ComponentLink2 Description"; Value = "Datasheet"; VariantName = "[No Variations]"
Add component (AddParameter): Name = "ComponentLink2URL"; Value = "http://katalog.we-online.de/em/datasheet/6911031100xx.pdf"; VariantName = "[No Variations]"
Add component (AddParameter): Name = "Created by"; Value = "Karrer Zheng"; VariantName = "[No Variations]"
Add component (AddParameter): Name = "Created Date"; Value = "29 October 2013"; VariantName = "[No Variations]"
Add component (AddParameter): Name = "Manufacturer"; Value = "Würth Elektronik eiSos GmbH"; VariantName = "[No Variations]"
Add component (AddParameter): Name = "NoPins"; Value = "2"; VariantName = "[No Variations]"
Add component (AddParameter): Name = "partNo"; Value = "691103110002"; VariantName = "[No Variations]"
Added Component: Designator=J4(KF2-5.08)
Add component. Clean all parameters for all variants
Add component (AddParameter): Name = "ComponentLink1 Description"; Value = "Manufacturer"; VariantName = "[No Variations]"
Add component (AddParameter): Name = "ComponentLink1URL"; Value = "http://www.we-online.com"; VariantName = "[No Variations]"
Add component (AddParameter): Name = "ComponentLink2 Description"; Value = "Datasheet"; VariantName = "[No Variations]"
Add component (AddParameter): Name = "ComponentLink2URL"; Value = "http://katalog.we-online.de/em/datasheet/6911031100xx.pdf"; VariantName = "[No Variations]"
Add component (AddParameter): Name = "Created by"; Value = "Karrer Zheng"; VariantName = "[No Variations]"
Add component (AddParameter): Name = "Created Date"; Value = "29 October 2013"; VariantName = "[No Variations]"
Add component (AddParameter): Name = "Manufacturer"; Value = "Würth Elektronik eiSos GmbH"; VariantName = "[No Variations]"
Add component (AddParameter): Name = "NoPins"; Value = "2"; VariantName = "[No Variations]"
Add component (AddParameter): Name = "partNo"; Value = "691103110002"; VariantName = "[No Variations]"
Added Component: Designator=J5(KF2-5.08)
Add component. Clean all parameters for all variants
Add component (AddParameter): Name = "ComponentLink1 Description"; Value = "Manufacturer"; VariantName = "[No Variations]"
Add component (AddParameter): Name = "ComponentLink1URL"; Value = "http://www.we-online.com"; VariantName = "[No Variations]"
Add component (AddParameter): Name = "ComponentLink2 Description"; Value = "Datasheet"; VariantName = "[No Variations]"
Add component (AddParameter): Name = "ComponentLink2URL"; Value = "http://katalog.we-online.de/em/datasheet/6911031100xx.pdf"; VariantName = "[No Variations]"
Add component (AddParameter): Name = "Created by"; Value = "Karrer Zheng"; VariantName = "[No Variations]"
Add component (AddParameter): Name = "Created Date"; Value = "29 October 2013"; VariantName = "[No Variations]"
Add component (AddParameter): Name = "Manufacturer"; Value = "Würth Elektronik eiSos GmbH"; VariantName = "[No Variations]"
Add component (AddParameter): Name = "NoPins"; Value = "2"; VariantName = "[No Variations]"
Add component (AddParameter): Name = "partNo"; Value = "691103110002"; VariantName = "[No Variations]"
Added Component: Designator=LED1(LED-5-RED)
Add component. Clean all parameters for all variants
Add component (AddParameter): Name = "Value"; Value = "LED 3 ly Single Colour"; VariantName = "[No Variations]"
Added Component: Designator=LED2(LED-5-RED)
Add component. Clean all parameters for all variants
Add component (AddParameter): Name = "Value"; Value = "LED 3 ly Single Colour"; VariantName = "[No Variations]"
Added Component: Designator=LED3(LED-5-RED)
Add component. Clean all parameters for all variants
Add component (AddParameter): Name = "Value"; Value = "LED 3 ly Single Colour"; VariantName = "[No Variations]"
Added Component: Designator=LED4(LED-5-RED)
Add component. Clean all parameters for all variants
Add component (AddParameter): Name = "Value"; Value = "LED 3 ly Single Colour"; VariantName = "[No Variations]"
Added Component: Designator=NodeMCU-1(NodeMCU V1.0 ESP-12E)
Add component. Clean all parameters for all variants
Added Component: Designator=Q1(TO220H1)
Add component. Clean all parameters for all variants
Add component (AddParameter): Name = "Code_JEDEC"; Value = "TO-251-AA"; VariantName = "[No Variations]"
Add component (AddParameter): Name = "ComponentLink1Description"; Value = "Manufacturer Link"; VariantName = "[No Variations]"
Add component (AddParameter): Name = "ComponentLink1URL"; Value = "http://www.motorola.com/"; VariantName = "[No Variations]"
Add component (AddParameter): Name = "DatasheetDocument"; Value = "1999"; VariantName = "[No Variations]"
Add component (AddParameter): Name = "LatestRevisionDate"; Value = "17-Jul-2002"; VariantName = "[No Variations]"
Add component (AddParameter): Name = "LatestRevisionNote"; Value = "Re-released for DXP Platform."; VariantName = "[No Variations]"
Add component (AddParameter): Name = "Note"; Value = "Pin 2 is electrically connected to Pin 4 (TAB)"; VariantName = "[No Variations]"
Add component (AddParameter): Name = "PackageReference"; Value = "369-03"; VariantName = "[No Variations]"
Add component (AddParameter): Name = "Published"; Value = "29-Sep-2000"; VariantName = "[No Variations]"
Add component (AddParameter): Name = "Publisher"; Value = "Altium Limited"; VariantName = "[No Variations]"
Added Component: Designator=Q2(TO220H1)
Add component. Clean all parameters for all variants
Add component (AddParameter): Name = "Code_JEDEC"; Value = "TO-251-AA"; VariantName = "[No Variations]"
Add component (AddParameter): Name = "ComponentLink1Description"; Value = "Manufacturer Link"; VariantName = "[No Variations]"
Add component (AddParameter): Name = "ComponentLink1URL"; Value = "http://www.motorola.com/"; VariantName = "[No Variations]"
Add component (AddParameter): Name = "DatasheetDocument"; Value = "1999"; VariantName = "[No Variations]"
Add component (AddParameter): Name = "LatestRevisionDate"; Value = "17-Jul-2002"; VariantName = "[No Variations]"
Add component (AddParameter): Name = "LatestRevisionNote"; Value = "Re-released for DXP Platform."; VariantName = "[No Variations]"
Add component (AddParameter): Name = "Note"; Value = "Pin 2 is electrically connected to Pin 4 (TAB)"; VariantName = "[No Variations]"
Add component (AddParameter): Name = "PackageReference"; Value = "369-03"; VariantName = "[No Variations]"
Add component (AddParameter): Name = "Published"; Value = "29-Sep-2000"; VariantName = "[No Variations]"
Add component (AddParameter): Name = "Publisher"; Value = "Altium Limited"; VariantName = "[No Variations]"
Added Component: Designator=Q3(TO220H1)
Add component. Clean all parameters for all variants
Add component (AddParameter): Name = "Code_JEDEC"; Value = "TO-251-AA"; VariantName = "[No Variations]"
Add component (AddParameter): Name = "ComponentLink1Description"; Value = "Manufacturer Link"; VariantName = "[No Variations]"
Add component (AddParameter): Name = "ComponentLink1URL"; Value = "http://www.motorola.com/"; VariantName = "[No Variations]"
Add component (AddParameter): Name = "DatasheetDocument"; Value = "1999"; VariantName = "[No Variations]"
Add component (AddParameter): Name = "LatestRevisionDate"; Value = "17-Jul-2002"; VariantName = "[No Variations]"
Add component (AddParameter): Name = "LatestRevisionNote"; Value = "Re-released for DXP Platform."; VariantName = "[No Variations]"
Add component (AddParameter): Name = "Note"; Value = "Pin 2 is electrically connected to Pin 4 (TAB)"; VariantName = "[No Variations]"
Add component (AddParameter): Name = "PackageReference"; Value = "369-03"; VariantName = "[No Variations]"
Add component (AddParameter): Name = "Published"; Value = "29-Sep-2000"; VariantName = "[No Variations]"
Add component (AddParameter): Name = "Publisher"; Value = "Altium Limited"; VariantName = "[No Variations]"
Added Component: Designator=Q4(TO220H1)
Add component. Clean all parameters for all variants
Add component (AddParameter): Name = "Code_JEDEC"; Value = "TO-251-AA"; VariantName = "[No Variations]"
Add component (AddParameter): Name = "ComponentLink1Description"; Value = "Manufacturer Link"; VariantName = "[No Variations]"
Add component (AddParameter): Name = "ComponentLink1URL"; Value = "http://www.motorola.com/"; VariantName = "[No Variations]"
Add component (AddParameter): Name = "DatasheetDocument"; Value = "1999"; VariantName = "[No Variations]"
Add component (AddParameter): Name = "LatestRevisionDate"; Value = "17-Jul-2002"; VariantName = "[No Variations]"
Add component (AddParameter): Name = "LatestRevisionNote"; Value = "Re-released for DXP Platform."; VariantName = "[No Variations]"
Add component (AddParameter): Name = "Note"; Value = "Pin 2 is electrically connected to Pin 4 (TAB)"; VariantName = "[No Variations]"
Add component (AddParameter): Name = "PackageReference"; Value = "369-03"; VariantName = "[No Variations]"
Add component (AddParameter): Name = "Published"; Value = "29-Sep-2000"; VariantName = "[No Variations]"
Add component (AddParameter): Name = "Publisher"; Value = "Altium Limited"; VariantName = "[No Variations]"
Added Component: Designator=R1(RES-1/4W)
Add component. Clean all parameters for all variants
Add component (AddParameter): Name = "Class"; Value = "Passive"; VariantName = "[No Variations]"
Add component (AddParameter): Name = "Manufacturer"; Value = "Generic Components"; VariantName = "[No Variations]"
Add component (AddParameter): Name = "Published"; Value = "08/06/2000"; VariantName = "[No Variations]"
Add component (AddParameter): Name = "Publisher"; Value = "Altium Hobart Technology Centre"; VariantName = "[No Variations]"
Add component (AddParameter): Name = "SubClass"; Value = "R"; VariantName = "[No Variations]"
Added Component: Designator=R2(RES-1/4W)
Add component. Clean all parameters for all variants
Add component (AddParameter): Name = "Class"; Value = "Passive"; VariantName = "[No Variations]"
Add component (AddParameter): Name = "Manufacturer"; Value = "Generic Components"; VariantName = "[No Variations]"
Add component (AddParameter): Name = "Published"; Value = "08/06/2000"; VariantName = "[No Variations]"
Add component (AddParameter): Name = "Publisher"; Value = "Altium Hobart Technology Centre"; VariantName = "[No Variations]"
Add component (AddParameter): Name = "SubClass"; Value = "R"; VariantName = "[No Variations]"
Added Component: Designator=R3(RES-1/4W)
Add component. Clean all parameters for all variants
Add component (AddParameter): Name = "Class"; Value = "Passive"; VariantName = "[No Variations]"
Add component (AddParameter): Name = "Manufacturer"; Value = "Generic Components"; VariantName = "[No Variations]"
Add component (AddParameter): Name = "Published"; Value = "08/06/2000"; VariantName = "[No Variations]"
Add component (AddParameter): Name = "Publisher"; Value = "Altium Hobart Technology Centre"; VariantName = "[No Variations]"
Add component (AddParameter): Name = "SubClass"; Value = "R"; VariantName = "[No Variations]"
Added Component: Designator=R4(RES-1/2W)
Add component. Clean all parameters for all variants
Add component (AddParameter): Name = "Class"; Value = "Passive"; VariantName = "[No Variations]"
Add component (AddParameter): Name = "Manufacturer"; Value = "Generic Components"; VariantName = "[No Variations]"
Add component (AddParameter): Name = "Published"; Value = "08/06/2000"; VariantName = "[No Variations]"
Add component (AddParameter): Name = "Publisher"; Value = "Altium Hobart Technology Centre"; VariantName = "[No Variations]"
Add component (AddParameter): Name = "SubClass"; Value = "R"; VariantName = "[No Variations]"
Added Component: Designator=R5(RES-1/2W)
Add component. Clean all parameters for all variants
Add component (AddParameter): Name = "Class"; Value = "Passive"; VariantName = "[No Variations]"
Add component (AddParameter): Name = "Manufacturer"; Value = "Generic Components"; VariantName = "[No Variations]"
Add component (AddParameter): Name = "Published"; Value = "08/06/2000"; VariantName = "[No Variations]"
Add component (AddParameter): Name = "Publisher"; Value = "Altium Hobart Technology Centre"; VariantName = "[No Variations]"
Add component (AddParameter): Name = "SubClass"; Value = "R"; VariantName = "[No Variations]"
Added Component: Designator=R6(RES-1/2W)
Add component. Clean all parameters for all variants
Add component (AddParameter): Name = "Class"; Value = "Passive"; VariantName = "[No Variations]"
Add component (AddParameter): Name = "Manufacturer"; Value = "Generic Components"; VariantName = "[No Variations]"
Add component (AddParameter): Name = "Published"; Value = "08/06/2000"; VariantName = "[No Variations]"
Add component (AddParameter): Name = "Publisher"; Value = "Altium Hobart Technology Centre"; VariantName = "[No Variations]"
Add component (AddParameter): Name = "SubClass"; Value = "R"; VariantName = "[No Variations]"
Added Component: Designator=R7(RES-1/2W)
Add component. Clean all parameters for all variants
Add component (AddParameter): Name = "Class"; Value = "Passive"; VariantName = "[No Variations]"
Add component (AddParameter): Name = "Manufacturer"; Value = "Generic Components"; VariantName = "[No Variations]"
Add component (AddParameter): Name = "Published"; Value = "08/06/2000"; VariantName = "[No Variations]"
Add component (AddParameter): Name = "Publisher"; Value = "Altium Hobart Technology Centre"; VariantName = "[No Variations]"
Add component (AddParameter): Name = "SubClass"; Value = "R"; VariantName = "[No Variations]"
Added Component: Designator=R8(RES-1/2W)
Add component. Clean all parameters for all variants
Add component (AddParameter): Name = "Class"; Value = "Passive"; VariantName = "[No Variations]"
Add component (AddParameter): Name = "Manufacturer"; Value = "Generic Components"; VariantName = "[No Variations]"
Add component (AddParameter): Name = "Published"; Value = "08/06/2000"; VariantName = "[No Variations]"
Add component (AddParameter): Name = "Publisher"; Value = "Altium Hobart Technology Centre"; VariantName = "[No Variations]"
Add component (AddParameter): Name = "SubClass"; Value = "R"; VariantName = "[No Variations]"
Added Component: Designator=R9(RES-1/2W)
Add component. Clean all parameters for all variants
Add component (AddParameter): Name = "Class"; Value = "Passive"; VariantName = "[No Variations]"
Add component (AddParameter): Name = "Manufacturer"; Value = "Generic Components"; VariantName = "[No Variations]"
Add component (AddParameter): Name = "Published"; Value = "08/06/2000"; VariantName = "[No Variations]"
Add component (AddParameter): Name = "Publisher"; Value = "Altium Hobart Technology Centre"; VariantName = "[No Variations]"
Add component (AddParameter): Name = "SubClass"; Value = "R"; VariantName = "[No Variations]"
Added Component: Designator=R10(RES-1/2W)
Add component. Clean all parameters for all variants
Add component (AddParameter): Name = "Class"; Value = "Passive"; VariantName = "[No Variations]"
Add component (AddParameter): Name = "Manufacturer"; Value = "Generic Components"; VariantName = "[No Variations]"
Add component (AddParameter): Name = "Published"; Value = "08/06/2000"; VariantName = "[No Variations]"
Add component (AddParameter): Name = "Publisher"; Value = "Altium Hobart Technology Centre"; VariantName = "[No Variations]"
Add component (AddParameter): Name = "SubClass"; Value = "R"; VariantName = "[No Variations]"
Added Component: Designator=R11(RES-1/2W)
Add component. Clean all parameters for all variants
Add component (AddParameter): Name = "Class"; Value = "Passive"; VariantName = "[No Variations]"
Add component (AddParameter): Name = "Manufacturer"; Value = "Generic Components"; VariantName = "[No Variations]"
Add component (AddParameter): Name = "Published"; Value = "08/06/2000"; VariantName = "[No Variations]"
Add component (AddParameter): Name = "Publisher"; Value = "Altium Hobart Technology Centre"; VariantName = "[No Variations]"
Add component (AddParameter): Name = "SubClass"; Value = "R"; VariantName = "[No Variations]"
Added Component: Designator=R12(RES-1/2W)
Add component. Clean all parameters for all variants
Add component (AddParameter): Name = "Class"; Value = "Passive"; VariantName = "[No Variations]"
Add component (AddParameter): Name = "Manufacturer"; Value = "Generic Components"; VariantName = "[No Variations]"
Add component (AddParameter): Name = "Published"; Value = "08/06/2000"; VariantName = "[No Variations]"
Add component (AddParameter): Name = "Publisher"; Value = "Altium Hobart Technology Centre"; VariantName = "[No Variations]"
Add component (AddParameter): Name = "SubClass"; Value = "R"; VariantName = "[No Variations]"
Added Component: Designator=R13(RES-1/4W)
Add component. Clean all parameters for all variants
Add component (AddParameter): Name = "Class"; Value = "Passive"; VariantName = "[No Variations]"
Add component (AddParameter): Name = "Manufacturer"; Value = "Generic Components"; VariantName = "[No Variations]"
Add component (AddParameter): Name = "Published"; Value = "08/06/2000"; VariantName = "[No Variations]"
Add component (AddParameter): Name = "Publisher"; Value = "Altium Hobart Technology Centre"; VariantName = "[No Variations]"
Add component (AddParameter): Name = "SubClass"; Value = "R"; VariantName = "[No Variations]"
Added Component: Designator=R14(RES-1/4W)
Add component. Clean all parameters for all variants
Add component (AddParameter): Name = "Class"; Value = "Passive"; VariantName = "[No Variations]"
Add component (AddParameter): Name = "Manufacturer"; Value = "Generic Components"; VariantName = "[No Variations]"
Add component (AddParameter): Name = "Published"; Value = "08/06/2000"; VariantName = "[No Variations]"
Add component (AddParameter): Name = "Publisher"; Value = "Altium Hobart Technology Centre"; VariantName = "[No Variations]"
Add component (AddParameter): Name = "SubClass"; Value = "R"; VariantName = "[No Variations]"
Added Component: Designator=R15(RES-1/4W)
Add component. Clean all parameters for all variants
Add component (AddParameter): Name = "Class"; Value = "Passive"; VariantName = "[No Variations]"
Add component (AddParameter): Name = "Manufacturer"; Value = "Generic Components"; VariantName = "[No Variations]"
Add component (AddParameter): Name = "Published"; Value = "08/06/2000"; VariantName = "[No Variations]"
Add component (AddParameter): Name = "Publisher"; Value = "Altium Hobart Technology Centre"; VariantName = "[No Variations]"
Add component (AddParameter): Name = "SubClass"; Value = "R"; VariantName = "[No Variations]"
Added Component: Designator=R16(RES-1/4W)
Add component. Clean all parameters for all variants
Add component (AddParameter): Name = "Class"; Value = "Passive"; VariantName = "[No Variations]"
Add component (AddParameter): Name = "Manufacturer"; Value = "Generic Components"; VariantName = "[No Variations]"
Add component (AddParameter): Name = "Published"; Value = "08/06/2000"; VariantName = "[No Variations]"
Add component (AddParameter): Name = "Publisher"; Value = "Altium Hobart Technology Centre"; VariantName = "[No Variations]"
Add component (AddParameter): Name = "SubClass"; Value = "R"; VariantName = "[No Variations]"
Added Component: Designator=U1(DIP6)
Add component. Clean all parameters for all variants
Added Component: Designator=U2(DIP6)
Add component. Clean all parameters for all variants
Added Component: Designator=U3(DIP6)
Add component. Clean all parameters for all variants
Added Component: Designator=U4(DIP6)
Add component. Clean all parameters for all variants
Added Pin To Net: NetName=3V3 Pin=BT1-1
Added Pin To Net: NetName=3V3 Pin=BT1-3
Added Pin To Net: NetName=3V3 Pin=BT2-1
Added Pin To Net: NetName=3V3 Pin=BT2-3
Added Pin To Net: NetName=3V3 Pin=BT3-1
Added Pin To Net: NetName=3V3 Pin=BT3-3
Added Pin To Net: NetName=3V3 Pin=BT4-1
Added Pin To Net: NetName=3V3 Pin=BT4-3
Added Pin To Net: NetName=3V3 Pin=C1-1
Added Pin To Net: NetName=3V3 Pin=C2-1
Added Pin To Net: NetName=3V3 Pin=C3-1
Added Pin To Net: NetName=3V3 Pin=C4-1
Added Pin To Net: NetName=3V3 Pin=NodeMCU-1-3V3
Added Pin To Net: NetName=3V3 Pin=NodeMCU-1-3V3
Added Pin To Net: NetName=3V3 Pin=NodeMCU-1-3V3
Added Net: Name=3V3
Added Pin To Net: NetName=5V Pin=HLK-4
Added Pin To Net: NetName=5V Pin=NodeMCU-1-VIN
Added Net: Name=5V
Added Pin To Net: NetName=D0 Pin=NodeMCU-1-D0
Added Net: Name=D0
Added Pin To Net: NetName=D1 Pin=BT1-2
Added Pin To Net: NetName=D1 Pin=BT1-4
Added Pin To Net: NetName=D1 Pin=C1-2
Added Pin To Net: NetName=D1 Pin=NodeMCU-1-D1
Added Pin To Net: NetName=D1 Pin=R13-1
Added Net: Name=D1
Added Pin To Net: NetName=D2 Pin=BT2-2
Added Pin To Net: NetName=D2 Pin=BT2-4
Added Pin To Net: NetName=D2 Pin=C2-2
Added Pin To Net: NetName=D2 Pin=NodeMCU-1-D2
Added Pin To Net: NetName=D2 Pin=R14-1
Added Net: Name=D2
Added Pin To Net: NetName=D3 Pin=NodeMCU-1-D3
Added Pin To Net: NetName=D3 Pin=R1-2
Added Net: Name=D3
Added Pin To Net: NetName=D4 Pin=NodeMCU-1-D4
Added Pin To Net: NetName=D4 Pin=R4-2
Added Net: Name=D4
Added Pin To Net: NetName=D5 Pin=BT3-2
Added Pin To Net: NetName=D5 Pin=BT3-4
Added Pin To Net: NetName=D5 Pin=C3-2
Added Pin To Net: NetName=D5 Pin=NodeMCU-1-D5
Added Pin To Net: NetName=D5 Pin=R15-1
Added Net: Name=D5
Added Pin To Net: NetName=D6 Pin=BT4-2
Added Pin To Net: NetName=D6 Pin=BT4-4
Added Pin To Net: NetName=D6 Pin=C4-2
Added Pin To Net: NetName=D6 Pin=NodeMCU-1-D6
Added Pin To Net: NetName=D6 Pin=R16-1
Added Net: Name=D6
Added Pin To Net: NetName=D7 Pin=NodeMCU-1-D7
Added Pin To Net: NetName=D7 Pin=R5-2
Added Net: Name=D7
Added Pin To Net: NetName=GND Pin=HLK-3
Added Pin To Net: NetName=GND Pin=LED1-2
Added Pin To Net: NetName=GND Pin=LED2-2
Added Pin To Net: NetName=GND Pin=LED3-2
Added Pin To Net: NetName=GND Pin=LED4-2
Added Pin To Net: NetName=GND Pin=NodeMCU-1-GND
Added Pin To Net: NetName=GND Pin=NodeMCU-1-GND
Added Pin To Net: NetName=GND Pin=NodeMCU-1-GND
Added Pin To Net: NetName=GND Pin=NodeMCU-1-GND
Added Pin To Net: NetName=GND Pin=R13-2
Added Pin To Net: NetName=GND Pin=R14-2
Added Pin To Net: NetName=GND Pin=R15-2
Added Pin To Net: NetName=GND Pin=R16-2
Added Net: Name=GND
Added Pin To Net: NetName=L_IN Pin=HLK-1
Added Pin To Net: NetName=L_IN Pin=J5-1
Added Pin To Net: NetName=L_IN Pin=Q1-2
Added Pin To Net: NetName=L_IN Pin=Q2-2
Added Pin To Net: NetName=L_IN Pin=Q3-2
Added Pin To Net: NetName=L_IN Pin=Q4-2
Added Pin To Net: NetName=L_IN Pin=R3-1
Added Pin To Net: NetName=L_IN Pin=R10-1
Added Pin To Net: NetName=L_IN Pin=R11-1
Added Pin To Net: NetName=L_IN Pin=R12-1
Added Net: Name=L_IN
Added Pin To Net: NetName=L_OUT1 Pin=J1-1
Added Pin To Net: NetName=L_OUT1 Pin=Q1-1
Added Net: Name=L_OUT1
Added Pin To Net: NetName=L_OUT2 Pin=J2-1
Added Pin To Net: NetName=L_OUT2 Pin=Q2-1
Added Net: Name=L_OUT2
Added Pin To Net: NetName=L_OUT3 Pin=J3-1
Added Pin To Net: NetName=L_OUT3 Pin=Q3-1
Added Net: Name=L_OUT3
Added Pin To Net: NetName=L_OUT4 Pin=J4-1
Added Pin To Net: NetName=L_OUT4 Pin=Q4-1
Added Net: Name=L_OUT4
Added Pin To Net: NetName=N_IN Pin=HLK-2
Added Pin To Net: NetName=N_IN Pin=J1-2
Added Pin To Net: NetName=N_IN Pin=J2-2
Added Pin To Net: NetName=N_IN Pin=J3-2
Added Pin To Net: NetName=N_IN Pin=J4-2
Added Pin To Net: NetName=N_IN Pin=J5-2
Added Net: Name=N_IN
Added Pin To Net: NetName=NetLED1_1 Pin=LED1-1
Added Pin To Net: NetName=NetLED1_1 Pin=U1-2
Added Net: Name=NetLED1_1
Added Pin To Net: NetName=NetLED2_1 Pin=LED2-1
Added Pin To Net: NetName=NetLED2_1 Pin=U2-2
Added Net: Name=NetLED2_1
Added Pin To Net: NetName=NetLED3_1 Pin=LED3-1
Added Pin To Net: NetName=NetLED3_1 Pin=U3-2
Added Net: Name=NetLED3_1
Added Pin To Net: NetName=NetLED4_1 Pin=LED4-1
Added Pin To Net: NetName=NetLED4_1 Pin=U4-2
Added Net: Name=NetLED4_1
Added Pin To Net: NetName=NetQ1_3 Pin=Q1-3
Added Pin To Net: NetName=NetQ1_3 Pin=U1-4
Added Net: Name=NetQ1_3
Added Pin To Net: NetName=NetQ2_3 Pin=Q2-3
Added Pin To Net: NetName=NetQ2_3 Pin=U2-4
Added Net: Name=NetQ2_3
Added Pin To Net: NetName=NetQ3_3 Pin=Q3-3
Added Pin To Net: NetName=NetQ3_3 Pin=U3-4
Added Net: Name=NetQ3_3
Added Pin To Net: NetName=NetQ4_3 Pin=Q4-3
Added Pin To Net: NetName=NetQ4_3 Pin=U4-4
Added Net: Name=NetQ4_3
Added Pin To Net: NetName=NetR1_1 Pin=R1-1
Added Pin To Net: NetName=NetR1_1 Pin=U1-1
Added Net: Name=NetR1_1
Added Pin To Net: NetName=NetR2_1 Pin=R2-1
Added Pin To Net: NetName=NetR2_1 Pin=R3-2
Added Net: Name=NetR2_1
Added Pin To Net: NetName=NetR2_2 Pin=R2-2
Added Pin To Net: NetName=NetR2_2 Pin=U1-6
Added Net: Name=NetR2_2
Added Pin To Net: NetName=NetR4_1 Pin=R4-1
Added Pin To Net: NetName=NetR4_1 Pin=U2-1
Added Net: Name=NetR4_1
Added Pin To Net: NetName=NetR5_1 Pin=R5-1
Added Pin To Net: NetName=NetR5_1 Pin=U3-1
Added Net: Name=NetR5_1
Added Pin To Net: NetName=NetR6_1 Pin=R6-1
Added Pin To Net: NetName=NetR6_1 Pin=U4-1
Added Net: Name=NetR6_1
Added Pin To Net: NetName=NetR7_1 Pin=R7-1
Added Pin To Net: NetName=NetR7_1 Pin=R10-2
Added Net: Name=NetR7_1
Added Pin To Net: NetName=NetR7_2 Pin=R7-2
Added Pin To Net: NetName=NetR7_2 Pin=U2-6
Added Net: Name=NetR7_2
Added Pin To Net: NetName=NetR8_1 Pin=R8-1
Added Pin To Net: NetName=NetR8_1 Pin=R11-2
Added Net: Name=NetR8_1
Added Pin To Net: NetName=NetR8_2 Pin=R8-2
Added Pin To Net: NetName=NetR8_2 Pin=U3-6
Added Net: Name=NetR8_2
Added Pin To Net: NetName=NetR9_1 Pin=R9-1
Added Pin To Net: NetName=NetR9_1 Pin=R12-2
Added Net: Name=NetR9_1
Added Pin To Net: NetName=NetR9_2 Pin=R9-2
Added Pin To Net: NetName=NetR9_2 Pin=U4-6
Added Net: Name=NetR9_2
Added Pin To Net: NetName=TX Pin=NodeMCU-1-TX
Added Pin To Net: NetName=TX Pin=R6-2
Added Net: Name=TX
Added Class: Name=DATN_Schematic
