Removed Pin From Net: NetName=3V3 Pin=AMS1-2
Removed Pin From Net: NetName=3V3 Pin=AMS1-4
Removed Pin From Net: NetName=3V3 Pin=C1-1
Removed Pin From Net: NetName=3V3 Pin=C5-2
Removed Pin From Net: NetName=3V3 Pin=C7-2
Removed Pin From Net: NetName=3V3 Pin=CF-1
Removed Pin From Net: NetName=3V3 Pin=ESP8266-8
Removed Pin From Net: NetName=3V3 Pin=J6-1
Removed Pin From Net: NetName=3V3 Pin=R18-2
Removed Pin From Net: NetName=3V3 Pin=R19-2
Removed Pin From Net: NetName=3V3 Pin=R20-1
Removed Pin From Net: NetName=3V3 Pin=R21-1
Removed Pin From Net: NetName=3V3 Pin=R23-2
Removed Pin From Net: NetName=3V3 Pin=SW1-1
Removed Pin From Net: NetName=3V3 Pin=SW1-3
Change Component Comment : Designator=C1 Old Comment=0.1uF/50V New Comment=0.1uF
Change Component Comment : Designator=C2 Old Comment=0.1uF/50V New Comment=0.1uF
Change Component Comment : Designator=C3 Old Comment=0.1uF/50V New Comment=0.1uF
Change Component Comment : Designator=C4 Old Comment=0.1uF/50V New Comment=0.1uF
Change Component Comment : Designator=C5 Old Comment=0.1uF/50V New Comment=0.1uF
Change Component Comment : Designator=R1 Old Comment=39R New Comment=10R
Change Component Comment : Designator=R2 Old Comment=39R New Comment=10R
Change Component Comment : Designator=R3 Old Comment=39R New Comment=10R
Change Component Comment : Designator=R4 Old Comment=39R New Comment=10R
Change Component Designator: OldDesignator=U1 NewDesignator=MOC3020
Change Component Designator: OldDesignator=U5 NewDesignator=AC/DC 5V-3W
Added Component: Designator=AC/DC 1(HLK_PM01 5V3W)
Add component. Clean all parameters for all variants
Added Component: Designator=AMS1(AMS1117)
Add component. Clean all parameters for all variants
Add component (AddParameter): Name = "ComponentLink1Description"; Value = "Datasheet"; VariantName = "[No Variations]"
Add component (AddParameter): Name = "ComponentLink1URL"; Value = "D:\Dropbox\Datasheets\Power Management ICs\Linear Regulators\AMS1117.pdf"; VariantName = "[No Variations]"
Add component (AddParameter): Name = "Unit Price"; Value = "0.2000"; VariantName = "[No Variations]"
Added Component: Designator=C1(Cap 0805(2012))
Add component. Clean all parameters for all variants
Added Component: Designator=C2(Cap 0805(2012))
Add component. Clean all parameters for all variants
Added Component: Designator=C3(Cap 0805(2012))
Add component. Clean all parameters for all variants
Added Component: Designator=C4(Cap 0805(2012))
Add component. Clean all parameters for all variants
Added Component: Designator=C5(Cap 0805(2012))
Add component. Clean all parameters for all variants
Added Component: Designator=C6(Cap 0805(2012))
Add component. Clean all parameters for all variants
Added Component: Designator=C7(Cap 0805(2012))
Add component. Clean all parameters for all variants
Added Component: Designator=CF1(LED0805BLUE)
Add component. Clean all parameters for all variants
Add component (AddParameter): Name = "ComponentLink1Description"; Value = "Datasheet"; VariantName = "[No Variations]"
Add component (AddParameter): Name = "ComponentLink1URL"; Value = "D:\Dropbox\Datasheets\Opto and Illumination\LEDs\SMD LED.pdf"; VariantName = "[No Variations]"
Add component (AddParameter): Name = "Unit Price"; Value = "0.0476"; VariantName = "[No Variations]"
Add component (AddParameter): Name = "Value"; Value = "Blue"; VariantName = "[No Variations]"
Added Component: Designator=ESP1(ESP-8266 V12)
Add component. Clean all parameters for all variants
Added Component: Designator=J1(HEADER x2)
Add component. Clean all parameters for all variants
Added Component: Designator=J2(HEADER x6)
Add component. Clean all parameters for all variants
Added Component: Designator=J3(KF2-5.08)
Add component. Clean all parameters for all variants
Add component (AddParameter): Name = "ComponentLink1 Description"; Value = "Manufacturer"; VariantName = "[No Variations]"
Add component (AddParameter): Name = "ComponentLink1URL"; Value = "http://www.we-online.com"; VariantName = "[No Variations]"
Add component (AddParameter): Name = "ComponentLink2 Description"; Value = "Datasheet"; VariantName = "[No Variations]"
Add component (AddParameter): Name = "ComponentLink2URL"; Value = "http://katalog.we-online.de/em/datasheet/6911031100xx.pdf"; VariantName = "[No Variations]"
Add component (AddParameter): Name = "Created by"; Value = "Karrer Zheng"; VariantName = "[No Variations]"
Add component (AddParameter): Name = "Created Date"; Value = "29 October 2013"; VariantName = "[No Variations]"
Add component (AddParameter): Name = "Manufacturer"; Value = "Würth Elektronik eiSos GmbH"; VariantName = "[No Variations]"
Add component (AddParameter): Name = "NoPins"; Value = "2"; VariantName = "[No Variations]"
Add component (AddParameter): Name = "partNo"; Value = "691103110002"; VariantName = "[No Variations]"
Added Component: Designator=J4(KF2-5.08)
Add component. Clean all parameters for all variants
Add component (AddParameter): Name = "ComponentLink1 Description"; Value = "Manufacturer"; VariantName = "[No Variations]"
Add component (AddParameter): Name = "ComponentLink1URL"; Value = "http://www.we-online.com"; VariantName = "[No Variations]"
Add component (AddParameter): Name = "ComponentLink2 Description"; Value = "Datasheet"; VariantName = "[No Variations]"
Add component (AddParameter): Name = "ComponentLink2URL"; Value = "http://katalog.we-online.de/em/datasheet/6911031100xx.pdf"; VariantName = "[No Variations]"
Add component (AddParameter): Name = "Created by"; Value = "Karrer Zheng"; VariantName = "[No Variations]"
Add component (AddParameter): Name = "Created Date"; Value = "29 October 2013"; VariantName = "[No Variations]"
Add component (AddParameter): Name = "Manufacturer"; Value = "Würth Elektronik eiSos GmbH"; VariantName = "[No Variations]"
Add component (AddParameter): Name = "NoPins"; Value = "2"; VariantName = "[No Variations]"
Add component (AddParameter): Name = "partNo"; Value = "691103110002"; VariantName = "[No Variations]"
Added Component: Designator=J5(KF2-5.08)
Add component. Clean all parameters for all variants
Add component (AddParameter): Name = "ComponentLink1 Description"; Value = "Manufacturer"; VariantName = "[No Variations]"
Add component (AddParameter): Name = "ComponentLink1URL"; Value = "http://www.we-online.com"; VariantName = "[No Variations]"
Add component (AddParameter): Name = "ComponentLink2 Description"; Value = "Datasheet"; VariantName = "[No Variations]"
Add component (AddParameter): Name = "ComponentLink2URL"; Value = "http://katalog.we-online.de/em/datasheet/6911031100xx.pdf"; VariantName = "[No Variations]"
Add component (AddParameter): Name = "Created by"; Value = "Karrer Zheng"; VariantName = "[No Variations]"
Add component (AddParameter): Name = "Created Date"; Value = "29 October 2013"; VariantName = "[No Variations]"
Add component (AddParameter): Name = "Manufacturer"; Value = "Würth Elektronik eiSos GmbH"; VariantName = "[No Variations]"
Add component (AddParameter): Name = "NoPins"; Value = "2"; VariantName = "[No Variations]"
Add component (AddParameter): Name = "partNo"; Value = "691103110002"; VariantName = "[No Variations]"
Added Component: Designator=J6(KF2-5.08)
Add component. Clean all parameters for all variants
Add component (AddParameter): Name = "ComponentLink1 Description"; Value = "Manufacturer"; VariantName = "[No Variations]"
Add component (AddParameter): Name = "ComponentLink1URL"; Value = "http://www.we-online.com"; VariantName = "[No Variations]"
Add component (AddParameter): Name = "ComponentLink2 Description"; Value = "Datasheet"; VariantName = "[No Variations]"
Add component (AddParameter): Name = "ComponentLink2URL"; Value = "http://katalog.we-online.de/em/datasheet/6911031100xx.pdf"; VariantName = "[No Variations]"
Add component (AddParameter): Name = "Created by"; Value = "Karrer Zheng"; VariantName = "[No Variations]"
Add component (AddParameter): Name = "Created Date"; Value = "29 October 2013"; VariantName = "[No Variations]"
Add component (AddParameter): Name = "Manufacturer"; Value = "Würth Elektronik eiSos GmbH"; VariantName = "[No Variations]"
Add component (AddParameter): Name = "NoPins"; Value = "2"; VariantName = "[No Variations]"
Add component (AddParameter): Name = "partNo"; Value = "691103110002"; VariantName = "[No Variations]"
Added Component: Designator=J7(KF2-5.08)
Add component. Clean all parameters for all variants
Add component (AddParameter): Name = "ComponentLink1 Description"; Value = "Manufacturer"; VariantName = "[No Variations]"
Add component (AddParameter): Name = "ComponentLink1URL"; Value = "http://www.we-online.com"; VariantName = "[No Variations]"
Add component (AddParameter): Name = "ComponentLink2 Description"; Value = "Datasheet"; VariantName = "[No Variations]"
Add component (AddParameter): Name = "ComponentLink2URL"; Value = "http://katalog.we-online.de/em/datasheet/6911031100xx.pdf"; VariantName = "[No Variations]"
Add component (AddParameter): Name = "Created by"; Value = "Karrer Zheng"; VariantName = "[No Variations]"
Add component (AddParameter): Name = "Created Date"; Value = "29 October 2013"; VariantName = "[No Variations]"
Add component (AddParameter): Name = "Manufacturer"; Value = "Würth Elektronik eiSos GmbH"; VariantName = "[No Variations]"
Add component (AddParameter): Name = "NoPins"; Value = "2"; VariantName = "[No Variations]"
Add component (AddParameter): Name = "partNo"; Value = "691103110002"; VariantName = "[No Variations]"
Added Component: Designator=MOC1(DIP6)
Add component. Clean all parameters for all variants
Added Component: Designator=MOC2(DIP6)
Add component. Clean all parameters for all variants
Added Component: Designator=MOC3(DIP6)
Add component. Clean all parameters for all variants
Added Component: Designator=MOC4(DIP6)
Add component. Clean all parameters for all variants
Added Component: Designator=OUT1(LED0805RED)
Add component. Clean all parameters for all variants
Add component (AddParameter): Name = "ComponentLink1Description"; Value = "Datasheet"; VariantName = "[No Variations]"
Add component (AddParameter): Name = "ComponentLink1URL"; Value = "D:\Dropbox\Datasheets\Opto and Illumination\LEDs\SMD LED.pdf"; VariantName = "[No Variations]"
Add component (AddParameter): Name = "Unit Price"; Value = "0.0476"; VariantName = "[No Variations]"
Add component (AddParameter): Name = "Value"; Value = "Red"; VariantName = "[No Variations]"
Added Component: Designator=OUT2(LED0805RED)
Add component. Clean all parameters for all variants
Add component (AddParameter): Name = "ComponentLink1Description"; Value = "Datasheet"; VariantName = "[No Variations]"
Add component (AddParameter): Name = "ComponentLink1URL"; Value = "D:\Dropbox\Datasheets\Opto and Illumination\LEDs\SMD LED.pdf"; VariantName = "[No Variations]"
Add component (AddParameter): Name = "Unit Price"; Value = "0.0476"; VariantName = "[No Variations]"
Add component (AddParameter): Name = "Value"; Value = "Red"; VariantName = "[No Variations]"
Added Component: Designator=OUT3(LED0805RED)
Add component. Clean all parameters for all variants
Add component (AddParameter): Name = "ComponentLink1Description"; Value = "Datasheet"; VariantName = "[No Variations]"
Add component (AddParameter): Name = "ComponentLink1URL"; Value = "D:\Dropbox\Datasheets\Opto and Illumination\LEDs\SMD LED.pdf"; VariantName = "[No Variations]"
Add component (AddParameter): Name = "Unit Price"; Value = "0.0476"; VariantName = "[No Variations]"
Add component (AddParameter): Name = "Value"; Value = "Red"; VariantName = "[No Variations]"
Added Component: Designator=OUT4(LED0805RED)
Add component. Clean all parameters for all variants
Add component (AddParameter): Name = "ComponentLink1Description"; Value = "Datasheet"; VariantName = "[No Variations]"
Add component (AddParameter): Name = "ComponentLink1URL"; Value = "D:\Dropbox\Datasheets\Opto and Illumination\LEDs\SMD LED.pdf"; VariantName = "[No Variations]"
Add component (AddParameter): Name = "Unit Price"; Value = "0.0476"; VariantName = "[No Variations]"
Add component (AddParameter): Name = "Value"; Value = "Red"; VariantName = "[No Variations]"
Added Component: Designator=PWR1(LED0805RED)
Add component. Clean all parameters for all variants
Add component (AddParameter): Name = "ComponentLink1Description"; Value = "Datasheet"; VariantName = "[No Variations]"
Add component (AddParameter): Name = "ComponentLink1URL"; Value = "D:\Dropbox\Datasheets\Opto and Illumination\LEDs\SMD LED.pdf"; VariantName = "[No Variations]"
Add component (AddParameter): Name = "Unit Price"; Value = "0.0476"; VariantName = "[No Variations]"
Add component (AddParameter): Name = "Value"; Value = "Red"; VariantName = "[No Variations]"
Added Component: Designator=Q1(TO220H1)
Add component. Clean all parameters for all variants
Add component (AddParameter): Name = "Code_JEDEC"; Value = "TO-251-AA"; VariantName = "[No Variations]"
Add component (AddParameter): Name = "ComponentLink1Description"; Value = "Manufacturer Link"; VariantName = "[No Variations]"
Add component (AddParameter): Name = "ComponentLink1URL"; Value = "http://www.motorola.com/"; VariantName = "[No Variations]"
Add component (AddParameter): Name = "DatasheetDocument"; Value = "1999"; VariantName = "[No Variations]"
Add component (AddParameter): Name = "LatestRevisionDate"; Value = "17-Jul-2002"; VariantName = "[No Variations]"
Add component (AddParameter): Name = "LatestRevisionNote"; Value = "Re-released for DXP Platform."; VariantName = "[No Variations]"
Add component (AddParameter): Name = "Note"; Value = "Pin 2 is electrically connected to Pin 4 (TAB)"; VariantName = "[No Variations]"
Add component (AddParameter): Name = "PackageReference"; Value = "369-03"; VariantName = "[No Variations]"
Add component (AddParameter): Name = "Published"; Value = "29-Sep-2000"; VariantName = "[No Variations]"
Add component (AddParameter): Name = "Publisher"; Value = "Altium Limited"; VariantName = "[No Variations]"
Added Component: Designator=Q2(TO220H1)
Add component. Clean all parameters for all variants
Add component (AddParameter): Name = "Code_JEDEC"; Value = "TO-251-AA"; VariantName = "[No Variations]"
Add component (AddParameter): Name = "ComponentLink1Description"; Value = "Manufacturer Link"; VariantName = "[No Variations]"
Add component (AddParameter): Name = "ComponentLink1URL"; Value = "http://www.motorola.com/"; VariantName = "[No Variations]"
Add component (AddParameter): Name = "DatasheetDocument"; Value = "1999"; VariantName = "[No Variations]"
Add component (AddParameter): Name = "LatestRevisionDate"; Value = "17-Jul-2002"; VariantName = "[No Variations]"
Add component (AddParameter): Name = "LatestRevisionNote"; Value = "Re-released for DXP Platform."; VariantName = "[No Variations]"
Add component (AddParameter): Name = "Note"; Value = "Pin 2 is electrically connected to Pin 4 (TAB)"; VariantName = "[No Variations]"
Add component (AddParameter): Name = "PackageReference"; Value = "369-03"; VariantName = "[No Variations]"
Add component (AddParameter): Name = "Published"; Value = "29-Sep-2000"; VariantName = "[No Variations]"
Add component (AddParameter): Name = "Publisher"; Value = "Altium Limited"; VariantName = "[No Variations]"
Added Component: Designator=Q3(TO220H1)
Add component. Clean all parameters for all variants
Add component (AddParameter): Name = "Code_JEDEC"; Value = "TO-251-AA"; VariantName = "[No Variations]"
Add component (AddParameter): Name = "ComponentLink1Description"; Value = "Manufacturer Link"; VariantName = "[No Variations]"
Add component (AddParameter): Name = "ComponentLink1URL"; Value = "http://www.motorola.com/"; VariantName = "[No Variations]"
Add component (AddParameter): Name = "DatasheetDocument"; Value = "1999"; VariantName = "[No Variations]"
Add component (AddParameter): Name = "LatestRevisionDate"; Value = "17-Jul-2002"; VariantName = "[No Variations]"
Add component (AddParameter): Name = "LatestRevisionNote"; Value = "Re-released for DXP Platform."; VariantName = "[No Variations]"
Add component (AddParameter): Name = "Note"; Value = "Pin 2 is electrically connected to Pin 4 (TAB)"; VariantName = "[No Variations]"
Add component (AddParameter): Name = "PackageReference"; Value = "369-03"; VariantName = "[No Variations]"
Add component (AddParameter): Name = "Published"; Value = "29-Sep-2000"; VariantName = "[No Variations]"
Add component (AddParameter): Name = "Publisher"; Value = "Altium Limited"; VariantName = "[No Variations]"
Added Component: Designator=Q4(TO220H1)
Add component. Clean all parameters for all variants
Add component (AddParameter): Name = "Code_JEDEC"; Value = "TO-251-AA"; VariantName = "[No Variations]"
Add component (AddParameter): Name = "ComponentLink1Description"; Value = "Manufacturer Link"; VariantName = "[No Variations]"
Add component (AddParameter): Name = "ComponentLink1URL"; Value = "http://www.motorola.com/"; VariantName = "[No Variations]"
Add component (AddParameter): Name = "DatasheetDocument"; Value = "1999"; VariantName = "[No Variations]"
Add component (AddParameter): Name = "LatestRevisionDate"; Value = "17-Jul-2002"; VariantName = "[No Variations]"
Add component (AddParameter): Name = "LatestRevisionNote"; Value = "Re-released for DXP Platform."; VariantName = "[No Variations]"
Add component (AddParameter): Name = "Note"; Value = "Pin 2 is electrically connected to Pin 4 (TAB)"; VariantName = "[No Variations]"
Add component (AddParameter): Name = "PackageReference"; Value = "369-03"; VariantName = "[No Variations]"
Add component (AddParameter): Name = "Published"; Value = "29-Sep-2000"; VariantName = "[No Variations]"
Add component (AddParameter): Name = "Publisher"; Value = "Altium Limited"; VariantName = "[No Variations]"
Added Component: Designator=R1(Res 0805(2012))
Add component. Clean all parameters for all variants
Added Component: Designator=R2(Res 0805(2012))
Add component. Clean all parameters for all variants
Added Component: Designator=R3(Res 0805(2012))
Add component. Clean all parameters for all variants
Added Component: Designator=R4(Res 0805(2012))
Add component. Clean all parameters for all variants
Added Component: Designator=R5(Res 0805(2012))
Add component. Clean all parameters for all variants
Added Component: Designator=R6(Res 0805(2012))
Add component. Clean all parameters for all variants
Added Component: Designator=R7(Res 0805(2012))
Add component. Clean all parameters for all variants
Added Component: Designator=R8(Res 0805(2012))
Add component. Clean all parameters for all variants
Added Component: Designator=R9(Res 0805(2012))
Add component. Clean all parameters for all variants
Added Component: Designator=R10(Res 0805(2012))
Add component. Clean all parameters for all variants
Added Component: Designator=R11(Res 0805(2012))
Add component. Clean all parameters for all variants
Added Component: Designator=R12(Res 0805(2012))
Add component. Clean all parameters for all variants
Added Component: Designator=R13(Res 0805(2012))
Add component. Clean all parameters for all variants
Added Component: Designator=R14(Res 0805(2012))
Add component. Clean all parameters for all variants
Added Component: Designator=R15(Res 0805(2012))
Add component. Clean all parameters for all variants
Added Component: Designator=R16(Res 0805(2012))
Add component. Clean all parameters for all variants
Added Component: Designator=R17(Res 0805(2012))
Add component. Clean all parameters for all variants
Added Component: Designator=R18(Res 0805(2012))
Add component. Clean all parameters for all variants
Added Component: Designator=R19(Res 0805(2012))
Add component. Clean all parameters for all variants
Added Component: Designator=SW1(SWITCH 12X12)
Add component. Clean all parameters for all variants
Add component (AddParameter): Name = "Value"; Value = "Button chip 4 pin"; VariantName = "[No Variations]"
Added Component: Designator=SW2(SWITCH 12X12)
Add component. Clean all parameters for all variants
Add component (AddParameter): Name = "Value"; Value = "Button chip 4 pin"; VariantName = "[No Variations]"
Added Component: Designator=SW3(SWITCH 12X12)
Add component. Clean all parameters for all variants
Add component (AddParameter): Name = "Value"; Value = "Button chip 4 pin"; VariantName = "[No Variations]"
Added Component: Designator=SW4(SWITCH 12X12)
Add component. Clean all parameters for all variants
Add component (AddParameter): Name = "Value"; Value = "Button chip 4 pin"; VariantName = "[No Variations]"
Added Pin To Net: NetName=N_IN Pin=AC/DC 1-1
Added Pin To Net: NetName=L_IN Pin=AC/DC 1-2
Added Pin To Net: NetName=GND Pin=AC/DC 1-3
Added Pin To Net: NetName=5V Pin=AC/DC 1-4
Added Pin To Net: NetName=GND Pin=AMS1-1
Added Pin To Net: NetName=5V Pin=AMS1-3
Added Pin To Net: NetName=GND Pin=C1-1
Added Pin To Net: NetName=GPIO12 Pin=C2-2
Added Pin To Net: NetName=GPIO4 Pin=C3-2
Added Pin To Net: NetName=GPIO5 Pin=C4-2
Added Pin To Net: NetName=GPIO3 Pin=C5-2
Added Pin To Net: NetName=GND Pin=C6-1
Added Pin To Net: NetName=5V Pin=C6-2
Added Pin To Net: NetName=GND Pin=C7-1
Added Pin To Net: NetName=GPIO16 Pin=ESP1-4
Added Pin To Net: NetName=GPIO14 Pin=ESP1-5
Added Pin To Net: NetName=GPIO12 Pin=ESP1-6
Added Pin To Net: NetName=GPIO13 Pin=ESP1-7
Added Pin To Net: NetName=GND Pin=ESP1-15
Added Pin To Net: NetName=GPIO15 Pin=ESP1-16
Added Pin To Net: NetName=GPIO0 Pin=ESP1-18
Added Pin To Net: NetName=GPIO4 Pin=ESP1-19
Added Pin To Net: NetName=GPIO5 Pin=ESP1-20
Added Pin To Net: NetName=RXD Pin=ESP1-21
Added Pin To Net: NetName=TXD Pin=ESP1-22
Added Pin To Net: NetName=RXD Pin=J1-1
Added Pin To Net: NetName=GPIO3 Pin=J1-2
Added Pin To Net: NetName=GND Pin=J2-2
Added Pin To Net: NetName=RXD Pin=J2-3
Added Pin To Net: NetName=TXD Pin=J2-4
Added Pin To Net: NetName=GPIO0 Pin=J2-5
Added Pin To Net: NetName=L_OUT3 Pin=J3-1
Added Pin To Net: NetName=N_IN Pin=J3-2
Added Pin To Net: NetName=L_OUT4 Pin=J4-1
Added Pin To Net: NetName=N_IN Pin=J4-2
Added Pin To Net: NetName=L_IN Pin=J5-1
Added Pin To Net: NetName=N_IN Pin=J5-2
Added Pin To Net: NetName=L_OUT1 Pin=J6-1
Added Pin To Net: NetName=N_IN Pin=J6-2
Added Pin To Net: NetName=L_OUT2 Pin=J7-1
Added Pin To Net: NetName=N_IN Pin=J7-2
Added Pin To Net: NetName=GND Pin=OUT1-2
Added Pin To Net: NetName=GND Pin=OUT2-2
Added Pin To Net: NetName=GND Pin=OUT3-2
Added Pin To Net: NetName=GND Pin=OUT4-2
Added Pin To Net: NetName=GND Pin=PWR1-2
Added Pin To Net: NetName=L_OUT1 Pin=Q1-1
Added Pin To Net: NetName=L_IN Pin=Q1-2
Added Pin To Net: NetName=L_OUT2 Pin=Q2-1
Added Pin To Net: NetName=L_IN Pin=Q2-2
Added Pin To Net: NetName=L_OUT3 Pin=Q3-1
Added Pin To Net: NetName=L_IN Pin=Q3-2
Added Pin To Net: NetName=L_OUT4 Pin=Q4-1
Added Pin To Net: NetName=L_IN Pin=Q4-2
Added Pin To Net: NetName=GPIO14 Pin=R1-2
Added Pin To Net: NetName=GND Pin=R4-1
Added Pin To Net: NetName=GPIO12 Pin=R4-2
Added Pin To Net: NetName=L_IN Pin=R5-1
Added Pin To Net: NetName=GND Pin=R6-1
Added Pin To Net: NetName=GPIO4 Pin=R6-2
Added Pin To Net: NetName=GND Pin=R7-1
Added Pin To Net: NetName=GPIO5 Pin=R7-2
Added Pin To Net: NetName=GND Pin=R8-1
Added Pin To Net: NetName=GPIO3 Pin=R8-2
Added Pin To Net: NetName=GPIO0 Pin=R9-2
Added Pin To Net: NetName=GND Pin=R11-1
Added Pin To Net: NetName=GPIO15 Pin=R11-2
Added Pin To Net: NetName=GPIO16 Pin=R13-1
Added Pin To Net: NetName=GPIO13 Pin=R14-2
Added Pin To Net: NetName=GPIO15 Pin=R15-2
Added Pin To Net: NetName=GPIO0 Pin=R16-2
Added Pin To Net: NetName=L_IN Pin=R17-1
Added Pin To Net: NetName=L_IN Pin=R18-1
Added Pin To Net: NetName=L_IN Pin=R19-1
Added Pin To Net: NetName=GPIO12 Pin=SW1-2
Added Pin To Net: NetName=GPIO12 Pin=SW1-4
Added Pin To Net: NetName=GPIO4 Pin=SW2-2
Added Pin To Net: NetName=GPIO4 Pin=SW2-4
Added Pin To Net: NetName=GPIO5 Pin=SW3-2
Added Pin To Net: NetName=GPIO5 Pin=SW3-4
Added Pin To Net: NetName=GPIO3 Pin=SW4-2
Added Pin To Net: NetName=GPIO3 Pin=SW4-4
Change Net Name : Old Net Name=3V3 New Net Name=NetC2_1
Change Net Name : Old Net Name=NetOUT1_1 New Net Name=NetMOC3020_2
Change Net Name : Old Net Name=NetQ1_3 New Net Name=NetMOC3020_4
Change Net Name : Old Net Name=NetR1_1 New Net Name=NetMOC3020_1
Change Net Name : Old Net Name=NetR5_2 New Net Name=NetMOC3020_6
Added Pin To Net: NetName=3V3 Pin=AMS1-2
Added Pin To Net: NetName=3V3 Pin=AMS1-2
Added Pin To Net: NetName=3V3 Pin=C1-1
Added Pin To Net: NetName=3V3 Pin=C1-2
Added Pin To Net: NetName=3V3 Pin=C2-1
Added Pin To Net: NetName=3V3 Pin=C5-2
Added Pin To Net: NetName=3V3 Pin=C7-2
Added Pin To Net: NetName=3V3 Pin=C7-2
Added Pin To Net: NetName=3V3 Pin=CF1-1
Added Pin To Net: NetName=3V3 Pin=CF-1
Added Pin To Net: NetName=3V3 Pin=ESP1-8
Added Pin To Net: NetName=3V3 Pin=ESP8266-8
Added Pin To Net: NetName=3V3 Pin=J2-1
Added Pin To Net: NetName=3V3 Pin=J6-1
Added Pin To Net: NetName=3V3 Pin=R2-2
Added Pin To Net: NetName=3V3 Pin=R3-2
Added Pin To Net: NetName=3V3 Pin=R9-1
Added Pin To Net: NetName=3V3 Pin=R10-1
Added Pin To Net: NetName=3V3 Pin=R12-2
Added Pin To Net: NetName=3V3 Pin=R18-2
Added Pin To Net: NetName=3V3 Pin=R19-2
Added Pin To Net: NetName=3V3 Pin=R20-1
Added Pin To Net: NetName=3V3 Pin=R21-1
Added Pin To Net: NetName=3V3 Pin=R23-2
Added Pin To Net: NetName=3V3 Pin=SW1-1
Added Pin To Net: NetName=3V3 Pin=SW1-1
Added Pin To Net: NetName=3V3 Pin=SW1-3
Added Pin To Net: NetName=3V3 Pin=SW1-3
Added Net: Name=3V3
Added Pin To Net: NetName=NetC3_1 Pin=C3-1
Added Pin To Net: NetName=NetC3_1 Pin=C4-1
Added Pin To Net: NetName=NetC3_1 Pin=C5-1
Added Pin To Net: NetName=NetC3_1 Pin=SW2-1
Added Pin To Net: NetName=NetC3_1 Pin=SW2-3
Added Pin To Net: NetName=NetC3_1 Pin=SW3-1
Added Pin To Net: NetName=NetC3_1 Pin=SW3-3
Added Pin To Net: NetName=NetC3_1 Pin=SW4-1
Added Pin To Net: NetName=NetC3_1 Pin=SW4-3
Added Net: Name=NetC3_1
Added Pin To Net: NetName=NetCF1_2 Pin=CF1-2
Added Pin To Net: NetName=NetCF1_2 Pin=R13-2
Added Net: Name=NetCF1_2
Added Pin To Net: NetName=NetESP1_1 Pin=ESP1-1
Added Pin To Net: NetName=NetESP1_1 Pin=R2-1
Added Net: Name=NetESP1_1
Added Pin To Net: NetName=NetESP1_3 Pin=ESP1-3
Added Pin To Net: NetName=NetESP1_3 Pin=R3-1
Added Net: Name=NetESP1_3
Added Pin To Net: NetName=NetESP1_17 Pin=ESP1-17
Added Pin To Net: NetName=NetESP1_17 Pin=R10-2
Added Net: Name=NetESP1_17
Added Pin To Net: NetName=NetMOC1_1 Pin=MOC1-1
Added Pin To Net: NetName=NetMOC1_1 Pin=R1-1
Added Net: Name=NetMOC1_1
Added Pin To Net: NetName=NetMOC1_2 Pin=MOC1-2
Added Pin To Net: NetName=NetMOC1_2 Pin=OUT4-1
Added Net: Name=NetMOC1_2
Added Pin To Net: NetName=NetMOC1_4 Pin=MOC1-4
Added Pin To Net: NetName=NetMOC1_4 Pin=Q1-3
Added Net: Name=NetMOC1_4
Added Pin To Net: NetName=NetMOC1_6 Pin=MOC1-6
Added Pin To Net: NetName=NetMOC1_6 Pin=R5-2
Added Net: Name=NetMOC1_6
Added Pin To Net: NetName=NetMOC2_1 Pin=MOC2-1
Added Pin To Net: NetName=NetMOC2_1 Pin=R14-1
Added Net: Name=NetMOC2_1
Added Pin To Net: NetName=NetMOC2_2 Pin=MOC2-2
Added Pin To Net: NetName=NetMOC2_2 Pin=OUT1-1
Added Net: Name=NetMOC2_2
Added Pin To Net: NetName=NetMOC2_4 Pin=MOC2-4
Added Pin To Net: NetName=NetMOC2_4 Pin=Q2-3
Added Net: Name=NetMOC2_4
Added Pin To Net: NetName=NetMOC2_6 Pin=MOC2-6
Added Pin To Net: NetName=NetMOC2_6 Pin=R17-2
Added Net: Name=NetMOC2_6
Added Pin To Net: NetName=NetMOC3_1 Pin=MOC3-1
Added Pin To Net: NetName=NetMOC3_1 Pin=R15-1
Added Net: Name=NetMOC3_1
Added Pin To Net: NetName=NetMOC3_2 Pin=MOC3-2
Added Pin To Net: NetName=NetMOC3_2 Pin=OUT2-1
Added Net: Name=NetMOC3_2
Added Pin To Net: NetName=NetMOC3_4 Pin=MOC3-4
Added Pin To Net: NetName=NetMOC3_4 Pin=Q3-3
Added Net: Name=NetMOC3_4
Added Pin To Net: NetName=NetMOC3_6 Pin=MOC3-6
Added Pin To Net: NetName=NetMOC3_6 Pin=R18-2
Added Net: Name=NetMOC3_6
Added Pin To Net: NetName=NetMOC4_1 Pin=MOC4-1
Added Pin To Net: NetName=NetMOC4_1 Pin=R16-1
Added Net: Name=NetMOC4_1
Added Pin To Net: NetName=NetMOC4_2 Pin=MOC4-2
Added Pin To Net: NetName=NetMOC4_2 Pin=OUT3-1
Added Net: Name=NetMOC4_2
Added Pin To Net: NetName=NetMOC4_4 Pin=MOC4-4
Added Pin To Net: NetName=NetMOC4_4 Pin=Q4-3
Added Net: Name=NetMOC4_4
Added Pin To Net: NetName=NetMOC4_6 Pin=MOC4-6
Added Pin To Net: NetName=NetMOC4_6 Pin=R19-2
Added Net: Name=NetMOC4_6
Added Pin To Net: NetName=NetPWR1_1 Pin=PWR1-1
Added Pin To Net: NetName=NetPWR1_1 Pin=R12-1
Added Net: Name=NetPWR1_1
Added Class: Name=A3
Added Room: Name=A3
Added Room: Name=DATN_Schematic
